# JRE version: OpenJDK Runtime Environment (11.0.8+10) (build 11.0.8+10-b944.6842174)
# Java VM: OpenJDK 64-Bit Server VM (11.0.8+10-b944.6842174, mixed mode, tiered, compressed oops, g1 gc, windows-amd64)
Heap:
 garbage-first heap   total 194560K, used 77244K [0x00000000a0000000, 0x0000000100000000)
  region size 1024K, 54 young (55296K), 8 survivors (8192K)
 Metaspace       used 38987K, capacity 39808K, committed 40112K, reserved 1083392K
  class space    used 4972K, capacity 5277K, committed 5376K, reserved 1048576K
GC Heap History (14 events):
Event: 0.407 GC heap before
{Heap before GC invocations=0 (full 0):
 garbage-first heap   total 194560K, used 19456K [0x00000000a0000000, 0x0000000100000000)
  region size 1024K, 14 young (14336K), 0 survivors (0K)
 Metaspace       used 7580K, capacity 7791K, committed 7936K, reserved 1056768K
  class space    used 700K, capacity 748K, committed 768K, reserved 1048576K
}
Event: 0.409 GC heap after
{Heap after GC invocations=1 (full 0):
 garbage-first heap   total 194560K, used 7677K [0x00000000a0000000, 0x0000000100000000)
  region size 1024K, 2 young (2048K), 2 survivors (2048K)
 Metaspace       used 7580K, capacity 7791K, committed 7936K, reserved 1056768K
  class space    used 700K, capacity 748K, committed 768K, reserved 1048576K
}
Event: 0.703 GC heap before
{Heap before GC invocations=1 (full 0):
 garbage-first heap   total 194560K, used 20989K [0x00000000a0000000, 0x0000000100000000)
  region size 1024K, 15 young (15360K), 2 survivors (2048K)
 Metaspace       used 10510K, capacity 10690K, committed 11008K, reserved 1058816K
  class space    used 1099K, capacity 1163K, committed 1280K, reserved 1048576K
}
Event: 0.706 GC heap after
{Heap after GC invocations=2 (full 0):
 garbage-first heap   total 194560K, used 8524K [0x00000000a0000000, 0x0000000100000000)
  region size 1024K, 1 young (1024K), 1 survivors (1024K)
 Metaspace       used 10510K, capacity 10690K, committed 11008K, reserved 1058816K
  class space    used 1099K, capacity 1163K, committed 1280K, reserved 1048576K
}
Event: 1.007 GC heap before
{Heap before GC invocations=2 (full 0):
 garbage-first heap   total 194560K, used 38220K [0x00000000a0000000, 0x0000000100000000)
  region size 1024K, 31 young (31744K), 1 survivors (1024K)
 Metaspace       used 10759K, capacity 11098K, committed 11264K, reserved 1058816K
  class space    used 1131K, capacity 1235K, committed 1280K, reserved 1048576K
}
Event: 1.009 GC heap after
{Heap after GC invocations=3 (full 0):
 garbage-first heap   total 194560K, used 12763K [0x00000000a0000000, 0x0000000100000000)
  region size 1024K, 4 young (4096K), 4 survivors (4096K)
 Metaspace       used 10759K, capacity 11098K, committed 11264K, reserved 1058816K
  class space    used 1131K, capacity 1235K, committed 1280K, reserved 1048576K
}
Event: 1.918 GC heap before
{Heap before GC invocations=3 (full 0):
 garbage-first heap   total 194560K, used 55771K [0x00000000a0000000, 0x0000000100000000)
  region size 1024K, 47 young (48128K), 4 survivors (4096K)
 Metaspace       used 19927K, capacity 20390K, committed 20480K, reserved 1067008K
  class space    used 2342K, capacity 2504K, committed 2560K, reserved 1048576K
}
Event: 1.923 GC heap after
{Heap after GC invocations=4 (full 0):
 garbage-first heap   total 194560K, used 15593K [0x00000000a0000000, 0x0000000100000000)
  region size 1024K, 3 young (3072K), 3 survivors (3072K)
 Metaspace       used 19927K, capacity 20390K, committed 20480K, reserved 1067008K
  class space    used 2342K, capacity 2504K, committed 2560K, reserved 1048576K
}
Event: 2.014 GC heap before
{Heap before GC invocations=4 (full 0):
 garbage-first heap   total 194560K, used 24809K [0x00000000a0000000, 0x0000000100000000)
  region size 1024K, 13 young (13312K), 3 survivors (3072K)
 Metaspace       used 20812K, capacity 21202K, committed 21296K, reserved 1069056K
  class space    used 2509K, capacity 2668K, committed 2688K, reserved 1048576K
}
Event: 2.019 GC heap after
{Heap after GC invocations=5 (full 0):
 garbage-first heap   total 194560K, used 15972K [0x00000000a0000000, 0x0000000100000000)
  region size 1024K, 4 young (4096K), 4 survivors (4096K)
 Metaspace       used 20812K, capacity 21202K, committed 21296K, reserved 1069056K
  class space    used 2509K, capacity 2668K, committed 2688K, reserved 1048576K
}
Event: 2.763 GC heap before
{Heap before GC invocations=6 (full 0):
 garbage-first heap   total 194560K, used 80484K [0x00000000a0000000, 0x0000000100000000)
  region size 1024K, 59 young (60416K), 4 survivors (4096K)
 Metaspace       used 27417K, capacity 28064K, committed 28336K, reserved 1073152K
  class space    used 3534K, capacity 3757K, committed 3840K, reserved 1048576K
}
Event: 2.769 GC heap after
{Heap after GC invocations=7 (full 0):
 garbage-first heap   total 194560K, used 28905K [0x00000000a0000000, 0x0000000100000000)
  region size 1024K, 7 young (7168K), 7 survivors (7168K)
 Metaspace       used 27417K, capacity 28064K, committed 28336K, reserved 1073152K
  class space    used 3534K, capacity 3757K, committed 3840K, reserved 1048576K
}
Event: 3.338 GC heap before
{Heap before GC invocations=7 (full 0):
 garbage-first heap   total 194560K, used 65769K [0x00000000a0000000, 0x0000000100000000)
  region size 1024K, 42 young (43008K), 7 survivors (7168K)
 Metaspace       used 35109K, capacity 35756K, committed 35888K, reserved 1081344K
  class space    used 4394K, capacity 4658K, committed 4736K, reserved 1048576K
}
Event: 3.347 GC heap after
{Heap after GC invocations=8 (full 0):
 garbage-first heap   total 194560K, used 32188K [0x00000000a0000000, 0x0000000100000000)
  region size 1024K, 8 young (8192K), 8 survivors (8192K)
 Metaspace       used 35109K, capacity 35756K, committed 35888K, reserved 1081344K
  class space    used 4394K, capacity 4658K, committed 4736K, reserved 1048576K
}

